[2025-01-28 18:31:45,625: INFO: __init__: Logger initialized.]
[2025-01-28 18:31:45,625: INFO: main: Welcome tomy logging standards]
[2025-01-28 18:44:10,094: INFO: __init__: Logger initialized.]
[2025-01-28 18:45:09,452: INFO: __init__: Logger initialized.]
[2025-01-28 18:47:06,139: INFO: __init__: Logger initialized.]
[2025-01-28 18:47:46,735: INFO: __init__: Logger initialized.]
[2025-01-28 18:49:38,930: INFO: __init__: Logger initialized.]
[2025-01-28 18:49:38,930: INFO: main: Welcome tomy logging standards]
[2025-01-28 18:50:08,270: INFO: __init__: Logger initialized.]
[2025-01-28 18:52:00,653: INFO: __init__: Logger initialized.]
[2025-01-28 18:52:19,227: INFO: __init__: Logger initialized.]
[2025-01-28 18:52:36,816: INFO: __init__: Logger initialized.]
[2025-01-28 18:54:14,572: INFO: __init__: Logger initialized.]
[2025-01-28 18:57:07,164: INFO: __init__: Logger initialized.]
[2025-01-28 18:59:01,452: INFO: __init__: Logger initialized.]
[2025-01-28 19:00:38,516: INFO: __init__: Logger initialized.]
[2025-01-28 20:36:16,598: INFO: __init__: Logger initialized.]
[2025-01-28 20:41:16,933: INFO: __init__: Logger initialized.]
[2025-01-28 20:44:56,554: INFO: __init__: Logger initialized.]
[2025-01-29 11:08:20,973: INFO: __init__: Logger initialized.]
[2025-01-29 11:29:00,418: INFO: common: yaml file: config\config.yaml loading successfull]
[2025-01-29 11:29:00,420: INFO: common: yaml file: params.yaml loading successfull]
[2025-01-29 11:29:23,386: INFO: common: yaml file: config\config.yaml loading successfull]
[2025-01-29 11:29:23,397: INFO: common: yaml file: params.yaml loading successfull]
[2025-01-29 11:29:23,401: INFO: common: yaml file: schema.yaml loading successfull]
[2025-01-29 11:29:23,404: INFO: common: Cretaed directory at:artifacts]
[2025-01-29 11:29:23,418: INFO: common: Cretaed directory at:artifacts/data_ingestion]
[2025-01-29 11:29:24,305: INFO: 750986838: artifacts/data_ingestion/data.zip downloaded]
[2025-01-29 11:33:39,292: INFO: common: yaml file: config\config.yaml loading successfull]
[2025-01-29 11:33:39,295: INFO: common: yaml file: params.yaml loading successfull]
[2025-01-29 11:33:39,297: INFO: common: yaml file: schema.yaml loading successfull]
[2025-01-29 11:33:39,298: INFO: common: Cretaed directory at:artifacts]
[2025-01-29 11:33:39,300: INFO: common: Cretaed directory at:artifacts/data_ingestion]
[2025-01-29 11:33:40,152: INFO: 750986838: artifacts/data_ingestion/data.zip downloaded]
[2025-01-29 11:37:13,650: INFO: common: yaml file: config\config.yaml loading successfull]
[2025-01-29 11:37:13,652: INFO: common: yaml file: params.yaml loading successfull]
[2025-01-29 11:37:13,654: INFO: common: yaml file: schema.yaml loading successfull]
[2025-01-29 11:37:13,656: INFO: common: Cretaed directory at:artifacts]
[2025-01-29 11:37:13,658: INFO: common: Cretaed directory at:artifacts/data_ingestion]
[2025-01-29 11:37:15,097: INFO: 750986838: artifacts/data_ingestion/data.zip downloaded]
[2025-01-29 11:38:01,688: INFO: common: yaml file: config\config.yaml loading successfull]
[2025-01-29 11:38:01,691: INFO: common: yaml file: params.yaml loading successfull]
[2025-01-29 11:38:01,693: INFO: common: yaml file: schema.yaml loading successfull]
[2025-01-29 11:38:01,694: INFO: common: Cretaed directory at:artifacts]
[2025-01-29 11:38:01,696: INFO: common: Cretaed directory at:artifacts/data_ingestion]
[2025-01-29 11:38:01,697: INFO: 750986838: FIles is present]
[2025-01-29 11:49:36,797: INFO: __init__: Logger initialized.]
[2025-01-29 11:49:37,394: INFO: common: yaml file: config\config.yaml loading successfull]
[2025-01-29 11:49:37,395: INFO: common: yaml file: params.yaml loading successfull]
[2025-01-29 11:49:37,395: INFO: common: yaml file: schema.yaml loading successfull]
[2025-01-29 11:49:37,396: INFO: common: Cretaed directory at:artifacts]
[2025-01-29 11:49:37,396: INFO: common: Cretaed directory at:artifacts/data_ingestion]
[2025-01-29 11:49:37,397: INFO: data_ingestion: FIles is present]
[2025-01-29 11:53:27,228: INFO: __init__: Logger initialized.]
[2025-01-29 11:53:27,842: INFO: 01_data_ingestion: Stage name Data Ingestion Stage started]
[2025-01-29 11:53:27,844: INFO: common: yaml file: config\config.yaml loading successfull]
[2025-01-29 11:53:27,845: INFO: common: yaml file: params.yaml loading successfull]
[2025-01-29 11:53:27,846: INFO: common: yaml file: schema.yaml loading successfull]
[2025-01-29 11:53:27,847: INFO: common: Cretaed directory at:artifacts]
[2025-01-29 11:53:27,847: INFO: common: Cretaed directory at:artifacts/data_ingestion]
[2025-01-29 11:53:27,848: INFO: data_ingestion: FIles is present]
[2025-01-29 11:53:27,862: INFO: 01_data_ingestion: Stage name Data Ingestion Stage ended]
[2025-01-29 11:56:06,942: INFO: __init__: Logger initialized.]
[2025-01-29 11:56:07,410: INFO: main: Welcome tomy logging standards]
[2025-01-29 11:56:07,410: INFO: main: Stage name Data Ingestion Stage started]
[2025-01-29 11:56:07,412: INFO: common: yaml file: config\config.yaml loading successfull]
[2025-01-29 11:56:07,414: INFO: common: yaml file: params.yaml loading successfull]
[2025-01-29 11:56:07,414: INFO: common: yaml file: schema.yaml loading successfull]
[2025-01-29 11:56:07,415: INFO: common: Cretaed directory at:artifacts]
[2025-01-29 11:56:07,416: INFO: common: Cretaed directory at:artifacts/data_ingestion]
[2025-01-29 11:56:07,417: INFO: data_ingestion: FIles is present]
[2025-01-29 11:56:07,421: INFO: main: Stage name Data Ingestion Stage ended]
[2025-01-29 12:41:11,261: INFO: 636280596: Data Validation has been started]
[2025-01-29 12:41:11,262: ERROR: 636280596: Data Validation error: 'ValidationConfigurationManager' object has no attribute 'config']
[2025-01-29 12:41:56,309: INFO: 2886842069: Data Validation has been started]
[2025-01-29 12:41:56,310: ERROR: 2886842069: Data Validation error: 'ValidationConfigurationManager' object has no attribute 'config']
[2025-01-29 12:42:28,973: INFO: 4010095064: Data Validation has been started]
[2025-01-29 12:42:28,974: ERROR: 4010095064: Data Validation error: 'ValidationConfigurationManager' object has no attribute 'config']
[2025-01-29 12:43:25,558: INFO: 1810169278: Data Validation has been started]
[2025-01-29 12:43:25,559: ERROR: 1810169278: Data Validation error: 'ValidationConfigurationManager' object has no attribute 'config']
[2025-01-29 12:47:20,654: INFO: 1810169278: Data Validation has been started]
[2025-01-29 12:47:20,679: INFO: common: yaml file: config\config.yaml loading successfull]
[2025-01-29 12:47:20,681: INFO: common: yaml file: params.yaml loading successfull]
[2025-01-29 12:47:20,695: INFO: common: yaml file: schema.yaml loading successfull]
[2025-01-29 12:47:20,697: INFO: common: Cretaed directory at:artifacts]
[2025-01-29 12:47:20,726: ERROR: 1810169278: Data Validation error: 'dict_keys' object has no attribute 'col']
[2025-01-29 12:47:46,482: INFO: 294587864: Data Validation has been started]
[2025-01-29 12:47:46,486: INFO: common: yaml file: config\config.yaml loading successfull]
[2025-01-29 12:47:46,489: INFO: common: yaml file: params.yaml loading successfull]
[2025-01-29 12:47:46,492: INFO: common: yaml file: schema.yaml loading successfull]
[2025-01-29 12:47:46,495: INFO: common: Cretaed directory at:artifacts]
[2025-01-29 12:47:46,502: ERROR: 294587864: Data Validation error: 'dict_keys' object has no attribute 'col']
[2025-01-29 12:48:45,374: INFO: common: yaml file: config\config.yaml loading successfull]
[2025-01-29 12:48:45,376: INFO: common: yaml file: params.yaml loading successfull]
[2025-01-29 12:48:45,380: INFO: common: yaml file: schema.yaml loading successfull]
[2025-01-29 12:48:45,383: INFO: common: Cretaed directory at:artifacts]
[2025-01-29 12:48:45,385: INFO: common: Cretaed directory at:artifacts/data_ingestion]
[2025-01-29 12:48:45,388: INFO: 750986838: FIles is present]
[2025-01-29 12:48:45,734: INFO: 2505702399: Data Validation has been started]
[2025-01-29 12:48:45,738: INFO: common: yaml file: config\config.yaml loading successfull]
[2025-01-29 12:48:45,740: INFO: common: yaml file: params.yaml loading successfull]
[2025-01-29 12:48:45,745: INFO: common: yaml file: schema.yaml loading successfull]
[2025-01-29 12:48:45,747: INFO: common: Cretaed directory at:artifacts]
[2025-01-29 12:48:45,758: ERROR: 2505702399: Data Validation error: [Errno 2] No such file or directory: 'artifacts/data_validation/status.txt']
[2025-01-29 12:50:12,629: INFO: 2505702399: Data Validation has been started]
[2025-01-29 12:50:12,633: INFO: common: yaml file: config\config.yaml loading successfull]
[2025-01-29 12:50:12,635: INFO: common: yaml file: params.yaml loading successfull]
[2025-01-29 12:50:12,639: INFO: common: yaml file: schema.yaml loading successfull]
[2025-01-29 12:50:12,640: INFO: common: Cretaed directory at:artifacts]
[2025-01-29 12:50:12,642: INFO: common: Cretaed directory at:artifacts/data_validation/status.txt]
[2025-01-29 12:50:12,650: ERROR: 2505702399: Data Validation error: [Errno 13] Permission denied: 'artifacts/data_validation/status.txt']
[2025-01-29 12:53:01,316: INFO: 2505702399: Data Validation has been started]
[2025-01-29 12:53:01,319: INFO: common: yaml file: config\config.yaml loading successfull]
[2025-01-29 12:53:01,322: INFO: common: yaml file: params.yaml loading successfull]
[2025-01-29 12:53:01,325: INFO: common: yaml file: schema.yaml loading successfull]
[2025-01-29 12:53:01,328: INFO: common: Cretaed directory at:artifacts]
[2025-01-29 12:53:01,337: ERROR: 2505702399: Data Validation error: [Errno 2] No such file or directory: 'artifacts/data_validation/status.txt']
[2025-01-29 12:55:17,339: INFO: 2505702399: Data Validation has been started]
[2025-01-29 12:55:17,343: INFO: common: yaml file: config\config.yaml loading successfull]
[2025-01-29 12:55:17,345: INFO: common: yaml file: params.yaml loading successfull]
[2025-01-29 12:55:17,349: INFO: common: yaml file: schema.yaml loading successfull]
[2025-01-29 12:55:17,351: INFO: common: Cretaed directory at:artifacts]
[2025-01-29 12:55:17,352: INFO: common: Cretaed directory at:artifacts/data_validation]
[2025-01-29 12:55:17,364: INFO: 2505702399: Data Validation has ended]
[2025-01-29 13:02:52,885: INFO: __init__: Logger initialized.]
[2025-01-29 13:02:54,044: INFO: main: Welcome tomy logging standards]
[2025-01-29 13:02:54,044: INFO: main: Stage name Data Ingestion Stage started]
[2025-01-29 13:02:54,047: INFO: common: yaml file: config\config.yaml loading successfull]
[2025-01-29 13:02:54,048: INFO: common: yaml file: params.yaml loading successfull]
[2025-01-29 13:02:54,050: INFO: common: yaml file: schema.yaml loading successfull]
[2025-01-29 13:02:54,051: INFO: common: Cretaed directory at:artifacts]
[2025-01-29 13:02:54,051: INFO: common: Cretaed directory at:artifacts/data_ingestion]
[2025-01-29 13:02:54,051: INFO: data_ingestion: FIles is present]
[2025-01-29 13:02:54,056: INFO: main: Stage name Data Ingestion Stage ended]
[2025-01-29 13:02:54,056: INFO: main: Data Validation has been started]
[2025-01-29 13:02:54,056: ERROR: main: name 'ValidationConfigurationManager' is not defined]
[2025-01-29 13:04:54,196: INFO: __init__: Logger initialized.]
[2025-01-29 13:04:54,663: INFO: main: Welcome tomy logging standards]
[2025-01-29 13:04:54,664: INFO: main: Stage name Data Ingestion Stage started]
[2025-01-29 13:04:54,668: INFO: common: yaml file: config\config.yaml loading successfull]
[2025-01-29 13:04:54,669: INFO: common: yaml file: params.yaml loading successfull]
[2025-01-29 13:04:54,673: INFO: common: yaml file: schema.yaml loading successfull]
[2025-01-29 13:04:54,674: INFO: common: Cretaed directory at:artifacts]
[2025-01-29 13:04:54,677: INFO: common: Cretaed directory at:artifacts/data_ingestion]
[2025-01-29 13:04:54,679: INFO: data_ingestion: FIles is present]
[2025-01-29 13:04:54,683: INFO: main: Stage name Data Ingestion Stage ended]
[2025-01-29 13:04:54,683: INFO: main: Data Validation has been started]
[2025-01-29 13:04:54,686: INFO: common: yaml file: config\config.yaml loading successfull]
[2025-01-29 13:04:54,688: INFO: common: yaml file: params.yaml loading successfull]
[2025-01-29 13:04:54,690: INFO: common: yaml file: schema.yaml loading successfull]
[2025-01-29 13:04:54,691: INFO: common: Cretaed directory at:artifacts]
[2025-01-29 13:04:54,693: ERROR: main: "'ConfigBox' object has no attribute 'root_dir'"]
[2025-01-29 13:05:55,169: INFO: __init__: Logger initialized.]
[2025-01-29 13:05:57,016: INFO: main: Welcome tomy logging standards]
[2025-01-29 13:05:57,016: INFO: main: Stage name Data Ingestion Stage started]
[2025-01-29 13:05:57,020: INFO: common: yaml file: config\config.yaml loading successfull]
[2025-01-29 13:05:57,024: INFO: common: yaml file: params.yaml loading successfull]
[2025-01-29 13:05:57,029: INFO: common: yaml file: schema.yaml loading successfull]
[2025-01-29 13:05:57,030: INFO: common: Cretaed directory at:artifacts]
[2025-01-29 13:05:57,031: INFO: common: Cretaed directory at:artifacts/data_ingestion]
[2025-01-29 13:05:57,031: INFO: data_ingestion: FIles is present]
[2025-01-29 13:05:57,035: INFO: main: Stage name Data Ingestion Stage ended]
[2025-01-29 13:05:57,035: INFO: main: Data Validation has been started]
[2025-01-29 13:05:57,038: INFO: common: yaml file: config\config.yaml loading successfull]
[2025-01-29 13:05:57,039: INFO: common: yaml file: params.yaml loading successfull]
[2025-01-29 13:05:57,041: INFO: common: yaml file: schema.yaml loading successfull]
[2025-01-29 13:05:57,042: INFO: common: Cretaed directory at:artifacts]
[2025-01-29 13:05:57,043: INFO: common: Cretaed directory at:artifacts/data_validation]
[2025-01-29 13:05:57,066: INFO: main: Data Validation has ended]
[2025-01-29 14:56:26,768: INFO: __init__: Logger initialized.]
[2025-01-29 15:10:41,134: INFO: 3804941607: Data Transformation has started]
[2025-01-29 15:10:41,140: INFO: common: yaml file: config\config.yaml loading successfull]
[2025-01-29 15:10:41,142: INFO: common: yaml file: params.yaml loading successfull]
[2025-01-29 15:10:41,146: INFO: common: yaml file: schema.yaml loading successfull]
[2025-01-29 15:10:41,156: INFO: common: Cretaed directory at:artifacts]
[2025-01-29 15:10:41,158: INFO: common: Cretaed directory at:artifacts/data_transformations]
[2025-01-29 15:10:41,159: INFO: 3804941607: Data Transformation ended ,data saved to artifacts.]
[2025-01-29 15:11:07,786: INFO: 435105784: Data Transformation has started]
[2025-01-29 15:11:07,790: INFO: common: yaml file: config\config.yaml loading successfull]
[2025-01-29 15:11:07,792: INFO: common: yaml file: params.yaml loading successfull]
[2025-01-29 15:11:07,796: INFO: common: yaml file: schema.yaml loading successfull]
[2025-01-29 15:11:07,798: INFO: common: Cretaed directory at:artifacts]
[2025-01-29 15:11:07,800: INFO: common: Cretaed directory at:artifacts/data_transformations]
[2025-01-29 15:11:07,972: INFO: 1575699340: Splitted the data into train and test]
[2025-01-29 15:11:07,973: INFO: 1575699340: Train Size:(1199, 12)]
[2025-01-29 15:11:07,974: INFO: 1575699340: Test Size:(400, 12)]
[2025-01-29 15:11:07,975: INFO: 435105784: Data Transformation ended ,data saved to artifacts.]
[2025-01-29 15:15:59,940: INFO: __init__: Logger initialized.]
[2025-01-29 15:16:02,017: INFO: main: Welcome tomy logging standards]
[2025-01-29 15:16:02,018: INFO: main: Stage name Data Ingestion Stage started]
[2025-01-29 15:16:02,020: INFO: common: yaml file: config\config.yaml loading successfull]
[2025-01-29 15:16:02,021: INFO: common: yaml file: params.yaml loading successfull]
[2025-01-29 15:16:02,024: INFO: common: yaml file: schema.yaml loading successfull]
[2025-01-29 15:16:02,024: INFO: common: Cretaed directory at:artifacts]
[2025-01-29 15:16:02,026: INFO: common: Cretaed directory at:artifacts/data_ingestion]
[2025-01-29 15:16:02,026: INFO: data_ingestion: FIles is present]
[2025-01-29 15:16:02,030: INFO: main: Stage name Data Ingestion Stage ended]
[2025-01-29 15:16:02,031: INFO: main: Data Validation has been started]
[2025-01-29 15:16:02,035: INFO: common: yaml file: config\config.yaml loading successfull]
[2025-01-29 15:16:02,036: INFO: common: yaml file: params.yaml loading successfull]
[2025-01-29 15:16:02,039: INFO: common: yaml file: schema.yaml loading successfull]
[2025-01-29 15:16:02,040: INFO: common: Cretaed directory at:artifacts]
[2025-01-29 15:16:02,041: INFO: common: Cretaed directory at:artifacts/data_validation]
[2025-01-29 15:16:02,053: INFO: main: Data Validation has ended]
[2025-01-29 15:16:02,054: INFO: main: Data Transformation has started]
[2025-01-29 15:16:02,057: INFO: common: yaml file: config\config.yaml loading successfull]
[2025-01-29 15:16:02,058: INFO: common: yaml file: params.yaml loading successfull]
[2025-01-29 15:16:02,061: INFO: common: yaml file: schema.yaml loading successfull]
[2025-01-29 15:16:02,062: INFO: common: Cretaed directory at:artifacts]
[2025-01-29 15:16:02,063: INFO: common: Cretaed directory at:artifacts/data_transformations]
[2025-01-29 15:16:02,096: INFO: data_transformation: Splitted the data into train and test]
[2025-01-29 15:16:02,097: INFO: data_transformation: Train Size:(1199, 12)]
[2025-01-29 15:16:02,098: INFO: data_transformation: Test Size:(400, 12)]
[2025-01-29 15:16:02,099: INFO: main: Data Transformation ended ,data saved to artifacts.]
[2025-01-29 15:25:12,862: INFO: __init__: Logger initialized.]
[2025-01-29 15:25:14,759: INFO: main: Welcome tomy logging standards]
[2025-01-29 15:25:14,760: INFO: main: Stage name Data Ingestion Stage started]
[2025-01-29 15:25:14,762: INFO: common: yaml file: config\config.yaml loading successfull]
[2025-01-29 15:25:14,763: INFO: common: yaml file: params.yaml loading successfull]
[2025-01-29 15:25:14,766: INFO: common: yaml file: schema.yaml loading successfull]
[2025-01-29 15:25:14,766: INFO: common: Cretaed directory at:artifacts]
[2025-01-29 15:25:14,767: INFO: common: Cretaed directory at:artifacts/data_ingestion]
[2025-01-29 15:25:15,730: INFO: data_ingestion: artifacts/data_ingestion/winequality-data.zip downloaded]
[2025-01-29 15:25:15,852: ERROR: main: File is not a zip file]
[2025-01-29 15:29:16,893: INFO: __init__: Logger initialized.]
[2025-01-29 15:29:19,495: INFO: main: Welcome tomy logging standards]
[2025-01-29 15:29:19,495: INFO: main: Stage name Data Ingestion Stage started]
[2025-01-29 15:29:19,498: INFO: common: yaml file: config\config.yaml loading successfull]
[2025-01-29 15:29:19,499: INFO: common: yaml file: params.yaml loading successfull]
[2025-01-29 15:29:19,502: INFO: common: yaml file: schema.yaml loading successfull]
[2025-01-29 15:29:19,503: INFO: common: Cretaed directory at:artifacts]
[2025-01-29 15:29:19,503: INFO: common: Cretaed directory at:artifacts/data_ingestion]
[2025-01-29 15:29:19,504: ERROR: main: cannot access local variable 'filename' where it is not associated with a value]
[2025-01-29 15:30:40,273: INFO: __init__: Logger initialized.]
[2025-01-29 15:30:42,176: INFO: main: Welcome tomy logging standards]
[2025-01-29 15:30:42,176: INFO: main: Stage name Data Ingestion Stage started]
[2025-01-29 15:30:42,179: INFO: common: yaml file: config\config.yaml loading successfull]
[2025-01-29 15:30:42,180: INFO: common: yaml file: params.yaml loading successfull]
[2025-01-29 15:30:42,182: INFO: common: yaml file: schema.yaml loading successfull]
[2025-01-29 15:30:42,183: INFO: common: Cretaed directory at:artifacts]
[2025-01-29 15:30:42,183: INFO: common: Cretaed directory at:artifacts/data_ingestion]
[2025-01-29 15:30:42,183: INFO: data_ingestion: FIles is present]
[2025-01-29 15:30:42,186: INFO: main: Stage name Data Ingestion Stage ended]
[2025-01-29 15:30:42,186: INFO: main: Data Validation has been started]
[2025-01-29 15:30:42,189: INFO: common: yaml file: config\config.yaml loading successfull]
[2025-01-29 15:30:42,189: INFO: common: yaml file: params.yaml loading successfull]
[2025-01-29 15:30:42,192: INFO: common: yaml file: schema.yaml loading successfull]
[2025-01-29 15:30:42,192: INFO: common: Cretaed directory at:artifacts]
[2025-01-29 15:30:42,198: INFO: common: Cretaed directory at:artifacts/data_validation]
[2025-01-29 15:30:42,211: INFO: main: Data Validation has ended]
[2025-01-29 15:30:42,212: INFO: main: Data Transformation has started]
[2025-01-29 15:30:42,214: INFO: common: yaml file: config\config.yaml loading successfull]
[2025-01-29 15:30:42,215: INFO: common: yaml file: params.yaml loading successfull]
[2025-01-29 15:30:42,217: INFO: common: yaml file: schema.yaml loading successfull]
[2025-01-29 15:30:42,218: INFO: common: Cretaed directory at:artifacts]
[2025-01-29 15:30:42,219: INFO: common: Cretaed directory at:artifacts/data_transformations]
[2025-01-29 15:33:31,514: INFO: __init__: Logger initialized.]
[2025-01-29 15:33:33,507: INFO: main: Welcome tomy logging standards]
[2025-01-29 15:33:33,508: INFO: main: Stage name Data Ingestion Stage started]
[2025-01-29 15:33:33,511: INFO: common: yaml file: config\config.yaml loading successfull]
[2025-01-29 15:33:33,512: INFO: common: yaml file: params.yaml loading successfull]
[2025-01-29 15:33:33,514: INFO: common: yaml file: schema.yaml loading successfull]
[2025-01-29 15:33:33,515: INFO: common: Cretaed directory at:artifacts]
[2025-01-29 15:33:33,516: INFO: common: Cretaed directory at:artifacts/data_ingestion]
[2025-01-29 15:33:33,516: INFO: data_ingestion: FIles is present]
[2025-01-29 15:33:33,520: INFO: main: Stage name Data Ingestion Stage ended]
[2025-01-29 15:33:33,523: INFO: main: Data Validation has been started]
[2025-01-29 15:33:33,526: INFO: common: yaml file: config\config.yaml loading successfull]
[2025-01-29 15:33:33,528: INFO: common: yaml file: params.yaml loading successfull]
[2025-01-29 15:33:33,530: INFO: common: yaml file: schema.yaml loading successfull]
[2025-01-29 15:33:33,531: INFO: common: Cretaed directory at:artifacts]
[2025-01-29 15:33:33,532: INFO: common: Cretaed directory at:artifacts/data_validation]
[2025-01-29 15:33:33,544: INFO: main: Data Validation has ended]
[2025-01-29 15:33:33,545: INFO: main: Data Transformation has started]
[2025-01-29 15:33:33,548: INFO: common: yaml file: config\config.yaml loading successfull]
[2025-01-29 15:33:33,549: INFO: common: yaml file: params.yaml loading successfull]
[2025-01-29 15:33:33,551: INFO: common: yaml file: schema.yaml loading successfull]
[2025-01-29 15:33:33,552: INFO: common: Cretaed directory at:artifacts]
[2025-01-29 15:33:33,553: INFO: common: Cretaed directory at:artifacts/data_transformations]
[2025-01-29 15:33:57,397: INFO: __init__: Logger initialized.]
[2025-01-29 15:33:59,319: INFO: main: Welcome tomy logging standards]
[2025-01-29 15:33:59,319: INFO: main: Stage name Data Ingestion Stage started]
[2025-01-29 15:33:59,322: INFO: common: yaml file: config\config.yaml loading successfull]
[2025-01-29 15:33:59,323: INFO: common: yaml file: params.yaml loading successfull]
[2025-01-29 15:33:59,326: INFO: common: yaml file: schema.yaml loading successfull]
[2025-01-29 15:33:59,327: INFO: common: Cretaed directory at:artifacts]
[2025-01-29 15:33:59,328: INFO: common: Cretaed directory at:artifacts/data_ingestion]
[2025-01-29 15:33:59,329: INFO: data_ingestion: FIles is present]
[2025-01-29 15:33:59,332: INFO: main: Stage name Data Ingestion Stage ended]
[2025-01-29 15:33:59,332: INFO: main: Data Validation has been started]
[2025-01-29 15:33:59,337: INFO: common: yaml file: config\config.yaml loading successfull]
[2025-01-29 15:33:59,339: INFO: common: yaml file: params.yaml loading successfull]
[2025-01-29 15:33:59,342: INFO: common: yaml file: schema.yaml loading successfull]
[2025-01-29 15:33:59,343: INFO: common: Cretaed directory at:artifacts]
[2025-01-29 15:33:59,343: INFO: common: Cretaed directory at:artifacts/data_validation]
[2025-01-29 15:33:59,357: INFO: main: Data Validation has ended]
[2025-01-29 15:33:59,358: INFO: main: Data Transformation has started]
[2025-01-29 15:33:59,360: INFO: common: yaml file: config\config.yaml loading successfull]
[2025-01-29 15:33:59,362: INFO: common: yaml file: params.yaml loading successfull]
[2025-01-29 15:33:59,364: INFO: common: yaml file: schema.yaml loading successfull]
[2025-01-29 15:33:59,366: INFO: common: Cretaed directory at:artifacts]
[2025-01-29 15:33:59,366: INFO: common: Cretaed directory at:artifacts/data_transformations]
[2025-01-29 15:33:59,410: INFO: data_transformation: Splitted the data into train and test]
[2025-01-29 15:33:59,411: INFO: data_transformation: Train Size:(1199, 12)]
[2025-01-29 15:33:59,411: INFO: data_transformation: Test Size:(400, 12)]
[2025-01-29 15:33:59,412: INFO: main: Data Transformation ended ,data saved to artifacts.]
[2025-01-29 15:43:43,816: INFO: __init__: Logger initialized.]
[2025-01-29 15:50:19,686: INFO: common: yaml file: config\config.yaml loading successfull]
[2025-01-29 15:50:19,689: INFO: common: yaml file: params.yaml loading successfull]
[2025-01-29 15:50:19,693: INFO: common: yaml file: schema.yaml loading successfull]
[2025-01-29 15:50:19,706: INFO: common: Cretaed directory at:artifacts]
[2025-01-29 15:50:19,713: INFO: common: Cretaed directory at:artifacts/data_ingestion]
[2025-01-29 15:50:19,717: INFO: 750986838: FIles is present]
[2025-01-29 15:50:20,247: INFO: 2505702399: Data Validation has been started]
[2025-01-29 15:50:20,251: INFO: common: yaml file: config\config.yaml loading successfull]
[2025-01-29 15:50:20,254: INFO: common: yaml file: params.yaml loading successfull]
[2025-01-29 15:50:20,257: INFO: common: yaml file: schema.yaml loading successfull]
[2025-01-29 15:50:20,259: INFO: common: Cretaed directory at:artifacts]
[2025-01-29 15:50:20,260: INFO: common: Cretaed directory at:artifacts/data_validation]
[2025-01-29 15:50:20,270: INFO: 2505702399: Data Validation has ended]
[2025-01-29 15:50:20,432: INFO: 435105784: Data Transformation has started]
[2025-01-29 16:01:16,011: INFO: common: yaml file: config\config.yaml loading successfull]
[2025-01-29 16:01:16,013: INFO: common: yaml file: params.yaml loading successfull]
[2025-01-29 16:01:16,017: INFO: common: yaml file: schema.yaml loading successfull]
[2025-01-29 16:02:23,846: INFO: common: yaml file: config\config.yaml loading successfull]
[2025-01-29 16:02:23,848: INFO: common: yaml file: params.yaml loading successfull]
[2025-01-29 16:02:23,852: INFO: common: yaml file: schema.yaml loading successfull]
[2025-01-29 16:03:34,999: INFO: common: yaml file: config\config.yaml loading successfull]
[2025-01-29 16:03:35,002: INFO: common: yaml file: params.yaml loading successfull]
[2025-01-29 16:03:35,006: INFO: common: yaml file: schema.yaml loading successfull]
[2025-01-29 16:03:35,008: INFO: common: Cretaed directory at:artifacts]
[2025-01-29 16:03:35,009: INFO: common: Cretaed directory at:artifacts/data_ingestion]
[2025-01-29 16:03:35,011: INFO: 750986838: FIles is present]
[2025-01-29 16:03:35,315: INFO: 2505702399: Data Validation has been started]
[2025-01-29 16:03:35,324: INFO: common: yaml file: config\config.yaml loading successfull]
[2025-01-29 16:03:35,327: INFO: common: yaml file: params.yaml loading successfull]
[2025-01-29 16:03:35,331: INFO: common: yaml file: schema.yaml loading successfull]
[2025-01-29 16:03:35,333: INFO: common: Cretaed directory at:artifacts]
[2025-01-29 16:03:35,334: INFO: common: Cretaed directory at:artifacts/data_validation]
[2025-01-29 16:03:35,343: INFO: 2505702399: Data Validation has ended]
[2025-01-29 16:03:35,550: INFO: 435105784: Data Transformation has started]
[2025-01-29 16:03:35,554: INFO: common: yaml file: config\config.yaml loading successfull]
[2025-01-29 16:03:35,557: INFO: common: yaml file: params.yaml loading successfull]
[2025-01-29 16:03:35,562: INFO: common: yaml file: schema.yaml loading successfull]
[2025-01-29 16:03:35,565: INFO: common: Cretaed directory at:artifacts]
[2025-01-29 16:03:35,567: INFO: common: Cretaed directory at:artifacts/data_transformations]
[2025-01-29 16:03:35,615: INFO: 1575699340: Splitted the data into train and test]
[2025-01-29 16:03:35,616: INFO: 1575699340: Train Size:(1199, 12)]
[2025-01-29 16:03:35,618: INFO: 1575699340: Test Size:(400, 12)]
[2025-01-29 16:03:35,620: INFO: 435105784: Data Transformation ended ,data saved to artifacts.]
[2025-01-29 16:04:00,595: INFO: common: yaml file: config\config.yaml loading successfull]
[2025-01-29 16:04:00,597: INFO: common: yaml file: params.yaml loading successfull]
[2025-01-29 16:04:00,601: INFO: common: yaml file: schema.yaml loading successfull]
[2025-01-29 16:05:00,191: INFO: common: yaml file: config\config.yaml loading successfull]
[2025-01-29 16:05:00,194: INFO: common: yaml file: params.yaml loading successfull]
[2025-01-29 16:05:00,198: INFO: common: yaml file: schema.yaml loading successfull]
[2025-01-29 16:05:48,036: INFO: common: yaml file: config\config.yaml loading successfull]
[2025-01-29 16:05:48,038: INFO: common: yaml file: params.yaml loading successfull]
[2025-01-29 16:05:48,042: INFO: common: yaml file: schema.yaml loading successfull]
[2025-01-29 16:06:09,385: INFO: common: yaml file: config\config.yaml loading successfull]
[2025-01-29 16:06:09,387: INFO: common: yaml file: params.yaml loading successfull]
[2025-01-29 16:06:09,391: INFO: common: yaml file: schema.yaml loading successfull]
[2025-01-29 16:06:09,394: INFO: common: Cretaed directory at:artifacts/model_trainer]
[2025-01-29 16:07:38,195: INFO: common: yaml file: config\config.yaml loading successfull]
[2025-01-29 16:07:38,198: INFO: common: yaml file: params.yaml loading successfull]
[2025-01-29 16:07:38,202: INFO: common: yaml file: schema.yaml loading successfull]
[2025-01-29 16:07:38,204: INFO: common: Cretaed directory at:artifacts/model_trainer]
[2025-01-29 16:08:09,685: INFO: common: yaml file: config\config.yaml loading successfull]
[2025-01-29 16:08:09,688: INFO: common: yaml file: params.yaml loading successfull]
[2025-01-29 16:08:09,692: INFO: common: yaml file: schema.yaml loading successfull]
[2025-01-29 16:08:09,694: INFO: common: Cretaed directory at:artifacts/model_trainer]
[2025-01-29 16:08:34,970: INFO: common: yaml file: config\config.yaml loading successfull]
[2025-01-29 16:08:34,973: INFO: common: yaml file: params.yaml loading successfull]
[2025-01-29 16:08:34,976: INFO: common: yaml file: schema.yaml loading successfull]
[2025-01-29 16:08:34,978: INFO: common: Cretaed directory at:artifacts/model_trainer]
[2025-01-29 16:14:09,363: INFO: __init__: Logger initialized.]
[2025-01-29 16:14:11,354: INFO: main: Welcome tomy logging standards]
[2025-01-29 16:14:11,355: INFO: main: Stage name Data Ingestion Stage started]
[2025-01-29 16:14:11,358: INFO: common: yaml file: config\config.yaml loading successfull]
[2025-01-29 16:14:11,359: INFO: common: yaml file: params.yaml loading successfull]
[2025-01-29 16:14:11,361: INFO: common: yaml file: schema.yaml loading successfull]
[2025-01-29 16:14:11,362: INFO: common: Cretaed directory at:artifacts]
[2025-01-29 16:14:11,362: INFO: common: Cretaed directory at:artifacts/data_ingestion]
[2025-01-29 16:14:11,362: INFO: data_ingestion: FIles is present]
[2025-01-29 16:14:11,366: INFO: main: Stage name Data Ingestion Stage ended]
[2025-01-29 16:14:11,366: INFO: main: Data Validation has been started]
[2025-01-29 16:14:11,370: INFO: common: yaml file: config\config.yaml loading successfull]
[2025-01-29 16:14:11,372: INFO: common: yaml file: params.yaml loading successfull]
[2025-01-29 16:14:11,376: INFO: common: yaml file: schema.yaml loading successfull]
[2025-01-29 16:14:11,377: INFO: common: Cretaed directory at:artifacts]
[2025-01-29 16:14:11,378: INFO: common: Cretaed directory at:artifacts/data_validation]
[2025-01-29 16:14:11,390: INFO: main: Data Validation has ended]
[2025-01-29 16:14:11,392: INFO: main: Data Transformation has started]
[2025-01-29 16:14:11,395: INFO: common: yaml file: config\config.yaml loading successfull]
[2025-01-29 16:14:11,397: INFO: common: yaml file: params.yaml loading successfull]
[2025-01-29 16:14:11,400: INFO: common: yaml file: schema.yaml loading successfull]
[2025-01-29 16:14:11,401: INFO: common: Cretaed directory at:artifacts]
[2025-01-29 16:14:11,402: INFO: common: Cretaed directory at:artifacts/data_transformations]
[2025-01-29 16:14:11,442: INFO: data_transformation: Splitted the data into train and test]
[2025-01-29 16:14:11,442: INFO: data_transformation: Train Size:(1199, 12)]
[2025-01-29 16:14:11,443: INFO: data_transformation: Test Size:(400, 12)]
[2025-01-29 16:14:11,444: INFO: main: Data Transformation ended ,data saved to artifacts.]
[2025-01-29 16:14:11,444: INFO: main: Data Training has started]
[2025-01-29 16:14:11,447: INFO: common: yaml file: config\config.yaml loading successfull]
[2025-01-29 16:14:11,449: INFO: common: yaml file: params.yaml loading successfull]
[2025-01-29 16:14:11,452: INFO: common: yaml file: schema.yaml loading successfull]
[2025-01-29 16:14:11,453: INFO: common: Cretaed directory at:artifacts]
[2025-01-29 16:14:11,454: INFO: common: Cretaed directory at:artifacts/model_trainer]
[2025-01-29 16:14:11,504: INFO: main: Data Training has ended]
[2025-01-29 16:41:41,267: INFO: __init__: Logger initialized.]
[2025-01-29 17:04:36,756: INFO: common: yaml file: config\config.yaml loading successfull]
[2025-01-29 17:04:36,767: INFO: common: yaml file: params.yaml loading successfull]
[2025-01-29 17:04:36,771: INFO: common: yaml file: schema.yaml loading successfull]
[2025-01-29 17:05:43,428: INFO: common: yaml file: config\config.yaml loading successfull]
[2025-01-29 17:05:43,430: INFO: common: yaml file: params.yaml loading successfull]
[2025-01-29 17:05:43,434: INFO: common: yaml file: schema.yaml loading successfull]
[2025-01-29 17:05:43,443: INFO: common: Cretaed directory at:artifacts/model_evaluation]
[2025-01-29 17:05:48,963: INFO: common: yaml file: config\config.yaml loading successfull]
[2025-01-29 17:05:48,966: INFO: common: yaml file: params.yaml loading successfull]
[2025-01-29 17:05:48,970: INFO: common: yaml file: schema.yaml loading successfull]
[2025-01-29 17:05:48,972: INFO: common: Cretaed directory at:artifacts/model_evaluation]
[2025-01-29 17:08:00,589: INFO: common: yaml file: config\config.yaml loading successfull]
[2025-01-29 17:08:00,592: INFO: common: yaml file: params.yaml loading successfull]
[2025-01-29 17:08:00,596: INFO: common: yaml file: schema.yaml loading successfull]
[2025-01-29 17:08:00,598: INFO: common: Cretaed directory at:artifacts/model_evaluation]
[2025-01-29 17:10:56,185: INFO: common: yaml file: config\config.yaml loading successfull]
[2025-01-29 17:10:56,188: INFO: common: yaml file: params.yaml loading successfull]
[2025-01-29 17:10:56,192: INFO: common: yaml file: schema.yaml loading successfull]
[2025-01-29 17:10:56,194: INFO: common: Cretaed directory at:artifacts/model_evaluation]
[2025-01-29 17:11:01,385: INFO: common: yaml file: config\config.yaml loading successfull]
[2025-01-29 17:11:01,388: INFO: common: yaml file: params.yaml loading successfull]
[2025-01-29 17:11:01,391: INFO: common: yaml file: schema.yaml loading successfull]
[2025-01-29 17:11:01,394: INFO: common: Cretaed directory at:artifacts/model_evaluation]
[2025-01-29 17:11:02,105: INFO: common: yaml file: config\config.yaml loading successfull]
[2025-01-29 17:11:02,108: INFO: common: yaml file: params.yaml loading successfull]
[2025-01-29 17:11:02,111: INFO: common: yaml file: schema.yaml loading successfull]
[2025-01-29 17:11:02,113: INFO: common: Cretaed directory at:artifacts/model_evaluation]
[2025-01-29 17:11:02,600: INFO: common: yaml file: config\config.yaml loading successfull]
[2025-01-29 17:11:02,603: INFO: common: yaml file: params.yaml loading successfull]
[2025-01-29 17:11:02,607: INFO: common: yaml file: schema.yaml loading successfull]
[2025-01-29 17:11:02,609: INFO: common: Cretaed directory at:artifacts/model_evaluation]
[2025-01-29 17:11:02,809: INFO: common: yaml file: config\config.yaml loading successfull]
[2025-01-29 17:11:02,812: INFO: common: yaml file: params.yaml loading successfull]
[2025-01-29 17:11:02,816: INFO: common: yaml file: schema.yaml loading successfull]
[2025-01-29 17:11:02,818: INFO: common: Cretaed directory at:artifacts/model_evaluation]
[2025-01-29 17:11:03,071: INFO: common: yaml file: config\config.yaml loading successfull]
[2025-01-29 17:11:03,074: INFO: common: yaml file: params.yaml loading successfull]
[2025-01-29 17:11:03,077: INFO: common: yaml file: schema.yaml loading successfull]
[2025-01-29 17:11:03,079: INFO: common: Cretaed directory at:artifacts/model_evaluation]
[2025-01-29 17:11:03,298: INFO: common: yaml file: config\config.yaml loading successfull]
[2025-01-29 17:11:03,300: INFO: common: yaml file: params.yaml loading successfull]
[2025-01-29 17:11:03,304: INFO: common: yaml file: schema.yaml loading successfull]
[2025-01-29 17:11:03,306: INFO: common: Cretaed directory at:artifacts/model_evaluation]
[2025-01-29 17:11:03,584: INFO: common: yaml file: config\config.yaml loading successfull]
[2025-01-29 17:11:03,586: INFO: common: yaml file: params.yaml loading successfull]
[2025-01-29 17:11:03,590: INFO: common: yaml file: schema.yaml loading successfull]
[2025-01-29 17:11:03,592: INFO: common: Cretaed directory at:artifacts/model_evaluation]
[2025-01-29 17:11:15,257: INFO: common: yaml file: config\config.yaml loading successfull]
[2025-01-29 17:11:15,260: INFO: common: yaml file: params.yaml loading successfull]
[2025-01-29 17:11:15,264: INFO: common: yaml file: schema.yaml loading successfull]
[2025-01-29 17:11:15,266: INFO: common: Cretaed directory at:artifacts/model_evaluation]
[2025-01-29 17:11:51,311: INFO: common: yaml file: config\config.yaml loading successfull]
[2025-01-29 17:11:51,313: INFO: common: yaml file: params.yaml loading successfull]
[2025-01-29 17:11:51,317: INFO: common: yaml file: schema.yaml loading successfull]
[2025-01-29 17:11:51,319: INFO: common: Cretaed directory at:artifacts/model_evaluation]
[2025-01-29 17:11:52,836: INFO: common: json file saved at artifacts\model_evaluation\metric.json]
[2025-01-29 17:12:51,906: INFO: common: yaml file: config\config.yaml loading successfull]
[2025-01-29 17:12:51,908: INFO: common: yaml file: params.yaml loading successfull]
[2025-01-29 17:12:51,912: INFO: common: yaml file: schema.yaml loading successfull]
[2025-01-29 17:12:51,914: INFO: common: Cretaed directory at:artifacts/model_evaluation]
[2025-01-29 17:12:52,363: INFO: common: json file saved at artifacts\model_evaluation\metric.json]
[2025-01-29 17:26:45,943: INFO: __init__: Logger initialized.]
[2025-01-29 17:26:54,987: INFO: main: Welcome tomy logging standards]
[2025-01-29 17:26:54,987: INFO: main: Stage name Data Ingestion Stage started]
[2025-01-29 17:26:54,991: INFO: common: yaml file: config\config.yaml loading successfull]
[2025-01-29 17:26:54,992: INFO: common: yaml file: params.yaml loading successfull]
[2025-01-29 17:26:54,995: INFO: common: yaml file: schema.yaml loading successfull]
[2025-01-29 17:26:54,995: INFO: common: Cretaed directory at:artifacts]
[2025-01-29 17:26:54,996: INFO: common: Cretaed directory at:artifacts/data_ingestion]
[2025-01-29 17:26:54,997: INFO: data_ingestion: FIles is present]
[2025-01-29 17:26:55,002: INFO: main: Stage name Data Ingestion Stage ended]
[2025-01-29 17:26:55,002: INFO: main: Data Validation has been started]
[2025-01-29 17:26:55,007: INFO: common: yaml file: config\config.yaml loading successfull]
[2025-01-29 17:26:55,009: INFO: common: yaml file: params.yaml loading successfull]
[2025-01-29 17:26:55,012: INFO: common: yaml file: schema.yaml loading successfull]
[2025-01-29 17:26:55,012: INFO: common: Cretaed directory at:artifacts]
[2025-01-29 17:26:55,013: INFO: common: Cretaed directory at:artifacts/data_validation]
[2025-01-29 17:26:55,030: INFO: main: Data Validation has ended]
[2025-01-29 17:26:55,032: INFO: main: Data Transformation has started]
[2025-01-29 17:26:55,040: INFO: common: yaml file: config\config.yaml loading successfull]
[2025-01-29 17:26:55,043: INFO: common: yaml file: params.yaml loading successfull]
[2025-01-29 17:26:55,046: INFO: common: yaml file: schema.yaml loading successfull]
[2025-01-29 17:26:55,047: INFO: common: Cretaed directory at:artifacts]
[2025-01-29 17:26:55,048: INFO: common: Cretaed directory at:artifacts/data_transformations]
[2025-01-29 17:26:55,134: INFO: data_transformation: Splitted the data into train and test]
[2025-01-29 17:26:55,135: INFO: data_transformation: Train Size:(1199, 12)]
[2025-01-29 17:26:55,135: INFO: data_transformation: Test Size:(400, 12)]
[2025-01-29 17:26:55,136: INFO: main: Data Transformation ended ,data saved to artifacts.]
[2025-01-29 17:26:55,136: INFO: main: Data Training has started]
[2025-01-29 17:26:55,139: INFO: common: yaml file: config\config.yaml loading successfull]
[2025-01-29 17:26:55,142: INFO: common: yaml file: params.yaml loading successfull]
[2025-01-29 17:26:55,145: INFO: common: yaml file: schema.yaml loading successfull]
[2025-01-29 17:26:55,146: INFO: common: Cretaed directory at:artifacts]
[2025-01-29 17:26:55,147: INFO: common: Cretaed directory at:artifacts/model_trainer]
[2025-01-29 17:26:55,325: INFO: main: Data Training has ended]
[2025-01-29 17:26:55,329: INFO: common: yaml file: config\config.yaml loading successfull]
[2025-01-29 17:26:55,330: INFO: common: yaml file: params.yaml loading successfull]
[2025-01-29 17:26:55,332: INFO: common: yaml file: schema.yaml loading successfull]
[2025-01-29 17:26:55,334: INFO: common: Cretaed directory at:artifacts]
[2025-01-29 17:26:55,335: INFO: common: Cretaed directory at:artifacts/model_evaluation]
[2025-01-29 17:26:57,069: INFO: common: json file saved at artifacts\model_evaluation\metric.json]
[2025-01-29 17:28:10,536: INFO: __init__: Logger initialized.]
[2025-01-29 17:28:20,835: INFO: _client: HTTP Request: GET https://dagshub.com/api/v1/user "HTTP/1.1 200 OK"]
[2025-01-29 17:28:20,846: INFO: helpers: Accessing as SharmajiKabetaDevesh]
[2025-01-29 17:28:21,816: INFO: _client: HTTP Request: GET https://dagshub.com/api/v1/repos/SharmajiKabetaDevesh/Endtoend_Data_science-project_1 "HTTP/1.1 200 OK"]
[2025-01-29 17:28:23,073: INFO: _client: HTTP Request: GET https://dagshub.com/api/v1/user "HTTP/1.1 200 OK"]
[2025-01-29 17:28:23,076: INFO: helpers: Initialized MLflow to track repo "SharmajiKabetaDevesh/Endtoend_Data_science-project_1"]
[2025-01-29 17:28:23,077: INFO: helpers: Repository SharmajiKabetaDevesh/Endtoend_Data_science-project_1 initialized!]
[2025-01-29 17:28:23,078: INFO: main: Welcome tomy logging standards]
[2025-01-29 17:28:23,078: INFO: main: Stage name Data Ingestion Stage started]
[2025-01-29 17:28:23,082: INFO: common: yaml file: config\config.yaml loading successfull]
[2025-01-29 17:28:23,088: INFO: common: yaml file: params.yaml loading successfull]
[2025-01-29 17:28:23,093: INFO: common: yaml file: schema.yaml loading successfull]
[2025-01-29 17:28:23,094: INFO: common: Cretaed directory at:artifacts]
[2025-01-29 17:28:23,096: INFO: common: Cretaed directory at:artifacts/data_ingestion]
[2025-01-29 17:28:23,096: INFO: data_ingestion: FIles is present]
[2025-01-29 17:28:23,101: INFO: main: Stage name Data Ingestion Stage ended]
[2025-01-29 17:28:23,102: INFO: main: Data Validation has been started]
[2025-01-29 17:28:23,106: INFO: common: yaml file: config\config.yaml loading successfull]
[2025-01-29 17:28:23,109: INFO: common: yaml file: params.yaml loading successfull]
[2025-01-29 17:28:23,111: INFO: common: yaml file: schema.yaml loading successfull]
[2025-01-29 17:28:23,113: INFO: common: Cretaed directory at:artifacts]
[2025-01-29 17:28:23,113: INFO: common: Cretaed directory at:artifacts/data_validation]
[2025-01-29 17:28:23,138: INFO: main: Data Validation has ended]
[2025-01-29 17:28:23,156: INFO: main: Data Transformation has started]
[2025-01-29 17:28:23,161: INFO: common: yaml file: config\config.yaml loading successfull]
[2025-01-29 17:28:23,163: INFO: common: yaml file: params.yaml loading successfull]
[2025-01-29 17:28:23,178: INFO: common: yaml file: schema.yaml loading successfull]
[2025-01-29 17:28:23,180: INFO: common: Cretaed directory at:artifacts]
[2025-01-29 17:28:23,181: INFO: common: Cretaed directory at:artifacts/data_transformations]
[2025-01-29 17:28:23,282: INFO: data_transformation: Splitted the data into train and test]
[2025-01-29 17:28:23,287: INFO: data_transformation: Train Size:(1199, 12)]
[2025-01-29 17:28:23,288: INFO: data_transformation: Test Size:(400, 12)]
[2025-01-29 17:28:23,289: INFO: main: Data Transformation ended ,data saved to artifacts.]
[2025-01-29 17:28:23,290: INFO: main: Data Training has started]
[2025-01-29 17:28:23,294: INFO: common: yaml file: config\config.yaml loading successfull]
[2025-01-29 17:28:23,296: INFO: common: yaml file: params.yaml loading successfull]
[2025-01-29 17:28:23,299: INFO: common: yaml file: schema.yaml loading successfull]
[2025-01-29 17:28:23,312: INFO: common: Cretaed directory at:artifacts]
[2025-01-29 17:28:23,315: INFO: common: Cretaed directory at:artifacts/model_trainer]
[2025-01-29 17:28:23,439: INFO: main: Data Training has ended]
[2025-01-29 17:28:23,443: INFO: common: yaml file: config\config.yaml loading successfull]
[2025-01-29 17:28:23,445: INFO: common: yaml file: params.yaml loading successfull]
[2025-01-29 17:28:23,448: INFO: common: yaml file: schema.yaml loading successfull]
[2025-01-29 17:28:23,449: INFO: common: Cretaed directory at:artifacts]
[2025-01-29 17:28:23,450: INFO: common: Cretaed directory at:artifacts/model_evaluation]
[2025-01-29 17:28:24,524: INFO: common: json file saved at artifacts\model_evaluation\metric.json]
